<?xml version="1.0" encoding="UTF-8"?>
<testsuite name="SILab2Test" tests="2" skipped="0" failures="0" errors="0" timestamp="2022-06-01T11:49:44" hostname="JANA-LAPTOP" time="0.03">
  <properties/>
  <testcase name="testEveryStatement()" classname="SILab2Test" time="0.027"/>
  <testcase name="testEveryBranch()" classname="SILab2Test" time="0.002"/>
  <system-out><![CDATA[]]></system-out>
  <system-err><![CDATA[]]></system-err>
</testsuite>
